Arguments: 
  C:\Program Files\nodejs\node.exe C:\Users\PC\AppData\Roaming\npm\node_modules\yarn\bin\yarn.js add @mui/material @emotion/react @emotion/styled

PATH: 
  C:\WINDOWS\system32;C:\WINDOWS;C:\WINDOWS\System32\Wbem;C:\WINDOWS\System32\WindowsPowerShell\v1.0\;C:\WINDOWS\System32\OpenSSH\;C:\Program Files\nodejs\;C:\ProgramData\chocolatey\bin;C:\Program Files\OpenJDK\openjdk-11.0.15_10\bin;C:\Program Files\Filestar;C:\ProgramData\Filestar\aliases;C:\Program Files\Microsoft SQL Server\150\Tools\Binn\;C:\Program Files\Microsoft SQL Server\Client SDK\ODBC\170\Tools\Binn\;C:\Program Files\dotnet\;C:\Users\PC\Downloads\mongosh-1.5.4-win32-x64\bin;C:\PC:\Program Files\gradle-7.5.1\bin;C:\xampp\php;C:\composer;C:\WINDOWS\system32;C:\WINDOWS;C:\WINDOWS\System32\Wbem;C:\WINDOWS\System32\WindowsPowerShell\v1.0\;C:\WINDOWS\System32\OpenSSH\;C:\Program Files\Git\cmd;C:\Users\PC\AppData\Local\Programs\Python\Python310\Scripts\;C:\Users\PC\AppData\Local\Programs\Python\Python310\;C:\Users\PC\AppData\Local\Microsoft\WindowsApps;C:\Users\PC\AppData\Local\Programs\Microsoft VS Code\bin;C:\Users\PC\AppData\Roaming\npm;C:\Users\PC\.dotnet\tools;C:\Program Files (x86)\Sophos\Sophos SSL VPN Client\bin;C:\Users\PC\AppData\Local\GitHubDesktop\bin;C:\Users\PC\AppData\Roaming\Composer\vendor\bin;C:\Program Files (x86)\BrowserStackLocal\

Yarn version: 
  1.22.19

Node version: 
  16.15.1

Platform: 
  win32 x64

Trace: 
  Error: EPERM: operation not permitted, unlink 'C:\Users\PC\Desktop\akakcereact2\akakcereactcase\node_modules\@esbuild\win32-x64\esbuild.exe'

npm manifest: 
  {
    "private": true,
    "sideEffects": false,
    "scripts": {
      "build": "remix build",
      "dev": "remix dev",
      "start": "remix-serve build",
      "typecheck": "tsc"
    },
  
    "dependencies": {
      "@remix-run/css-bundle": "^1.17.0",
      "@remix-run/node": "^1.17.0",
      "@remix-run/react": "^1.17.0",
      "@remix-run/serve": "^1.17.0",
      "axios": "^1.4.0",
      "isbot": "^3.6.8",
      "react": "^18.2.0",
      "react-dom": "^18.2.0",
      "react-scroll-horizontal": "^1.6.6"
    },
    "devDependencies": {
      "@remix-run/dev": "^1.17.0",
      "@remix-run/eslint-config": "^1.17.0",
      "@types/react": "^18.0.35",
      "@types/react-dom": "^18.0.11",
      "eslint": "^8.38.0",
      "tailwindcss": "^3.3.2",
      "typescript": "^5.0.4"
    },
    "engines": {
      "node": ">=14"
    }
  }

yarn manifest: 
  No manifest

Lockfile: 
  No lockfile
